Posit: (0, 4)
World: 0
World_map: [100;100m M[0m[100;100m M[0m[100;100m M[0m[100;100m M[0m[46;42m T[0m[100;100m M[0m[100;100m M[0m[100;100m M[0m[100;100m M[0m
[100;100m M[0m[;42m  [0m[;42m  [0m[;42m  [0m[;42m  [0m[;42m  [0m[;42m  [0m[;42m  [0m[100;100m M[0m
[100;100m M[0m[;42m  [0m[;42m  [0m[;42m  [0m[;42m  [0m[;42m  [0m[;42m  [0m[;42m  [0m[100;100m M[0m
[100;100m M[0m[;42m  [0m[;42m  [0m[;42m  [0m[;42m  [0m[;42m  [0m[;42m  [0m[;42m  [0m[100;100m M[0m
[100;100m M[0m[;42m  [0m[;42m  [0m[;42m  [0m[;42m  [0m[;42m  [0m[;42m  [0m[;42m  [0m[;42m  [0m
[100;100m M[0m[;42m  [0m[;42m  [0m[;42m  [0m[;42m  [0m[;42m  [0m[;42m  [0m[;42m  [0m[100;100m M[0m
[100;100m M[0m[;42m  [0m[;42m  [0m[;42m  [0m[;42m  [0m[;42m  [0m[;42m  [0m[;42m  [0m[100;100m M[0m
[100;100m M[0m[;42m  [0m[;42m  [0m[;42m  [0m[;42m  [0m[;42m  [0m[;42m  [0m[;42m  [0m[100;100m M[0m
[100;100m M[0m[100;100m M[0m[100;100m M[0m[100;100m M[0m[100;100m M[0m[100;100m M[0m[100;100m M[0m[100;100m M[0m[100;100m M[0m
Posit: (1, 4)
World: 0
World_map: [100;100m M[0m[100;100m M[0m[100;100m M[0m[100;100m M[0m[;42m  [0m[100;100m M[0m[100;100m M[0m[100;100m M[0m[100;100m M[0m
[100;100m M[0m[;42m  [0m[;42m  [0m[;42m  [0m[46;42m T[0m[;42m  [0m[;42m  [0m[;42m  [0m[100;100m M[0m
[100;100m M[0m[;42m  [0m[;42m  [0m[;42m  [0m[;42m  [0m[;42m  [0m[;42m  [0m[;42m  [0m[100;100m M[0m
[100;100m M[0m[;42m  [0m[;42m  [0m[;42m  [0m[;42m  [0m[;42m  [0m[;42m  [0m[;42m  [0m[100;100m M[0m
[100;100m M[0m[;42m  [0m[;42m  [0m[;42m  [0m[;42m  [0m[;42m  [0m[;42m  [0m[;42m  [0m[;42m  [0m
[100;100m M[0m[;42m  [0m[;42m  [0m[;42m  [0m[;42m  [0m[;42m  [0m[;42m  [0m[;42m  [0m[100;100m M[0m
[100;100m M[0m[;42m  [0m[;42m  [0m[;42m  [0m[;42m  [0m[;42m  [0m[;42m  [0m[;42m  [0m[100;100m M[0m
[100;100m M[0m[;42m  [0m[;42m  [0m[;42m  [0m[;42m  [0m[;42m  [0m[;42m  [0m[;42m  [0m[100;100m M[0m
[100;100m M[0m[100;100m M[0m[100;100m M[0m[100;100m M[0m[100;100m M[0m[100;100m M[0m[100;100m M[0m[100;100m M[0m[100;100m M[0m
Posit: (2, 4)
World: 0
World_map: [100;100m M[0m[100;100m M[0m[100;100m M[0m[100;100m M[0m[;42m  [0m[100;100m M[0m[100;100m M[0m[100;100m M[0m[100;100m M[0m
[100;100m M[0m[;42m  [0m[;42m  [0m[;42m  [0m[;42m  [0m[;42m  [0m[;42m  [0m[;42m  [0m[100;100m M[0m
[100;100m M[0m[;42m  [0m[;42m  [0m[;42m  [0m[46;42m T[0m[;42m  [0m[;42m  [0m[;42m  [0m[100;100m M[0m
[100;100m M[0m[;42m  [0m[;42m  [0m[;42m  [0m[;42m  [0m[;42m  [0m[;42m  [0m[;42m  [0m[100;100m M[0m
[100;100m M[0m[;42m  [0m[;42m  [0m[;42m  [0m[;42m  [0m[;42m  [0m[;42m  [0m[;42m  [0m[;42m  [0m
[100;100m M[0m[;42m  [0m[;42m  [0m[;42m  [0m[;42m  [0m[;42m  [0m[;42m  [0m[;42m  [0m[100;100m M[0m
[100;100m M[0m[;42m  [0m[;42m  [0m[;42m  [0m[;42m  [0m[;42m  [0m[;42m  [0m[;42m  [0m[100;100m M[0m
[100;100m M[0m[;42m  [0m[;42m  [0m[;42m  [0m[;42m  [0m[;42m  [0m[;42m  [0m[;42m  [0m[100;100m M[0m
[100;100m M[0m[100;100m M[0m[100;100m M[0m[100;100m M[0m[100;100m M[0m[100;100m M[0m[100;100m M[0m[100;100m M[0m[100;100m M[0m
Posit: (3, 4)
World: 0
World_map: [100;100m M[0m[100;100m M[0m[100;100m M[0m[100;100m M[0m[;42m  [0m[100;100m M[0m[100;100m M[0m[100;100m M[0m[100;100m M[0m
[100;100m M[0m[;42m  [0m[;42m  [0m[;42m  [0m[;42m  [0m[;42m  [0m[;42m  [0m[;42m  [0m[100;100m M[0m
[100;100m M[0m[;42m  [0m[;42m  [0m[;42m  [0m[;42m  [0m[;42m  [0m[;42m  [0m[;42m  [0m[100;100m M[0m
[100;100m M[0m[;42m  [0m[;42m  [0m[;42m  [0m[46;42m T[0m[;42m  [0m[;42m  [0m[;42m  [0m[100;100m M[0m
[100;100m M[0m[;42m  [0m[;42m  [0m[;42m  [0m[;42m  [0m[;42m  [0m[;42m  [0m[;42m  [0m[;42m  [0m
[100;100m M[0m[;42m  [0m[;42m  [0m[;42m  [0m[;42m  [0m[;42m  [0m[;42m  [0m[;42m  [0m[100;100m M[0m
[100;100m M[0m[;42m  [0m[;42m  [0m[;42m  [0m[;42m  [0m[;42m  [0m[;42m  [0m[;42m  [0m[100;100m M[0m
[100;100m M[0m[;42m  [0m[;42m  [0m[;42m  [0m[;42m  [0m[;42m  [0m[;42m  [0m[;42m  [0m[100;100m M[0m
[100;100m M[0m[100;100m M[0m[100;100m M[0m[100;100m M[0m[100;100m M[0m[100;100m M[0m[100;100m M[0m[100;100m M[0m[100;100m M[0m
Posit: (4, 4)
World: 0
World_map: [100;100m M[0m[100;100m M[0m[100;100m M[0m[100;100m M[0m[;42m  [0m[100;100m M[0m[100;100m M[0m[100;100m M[0m[100;100m M[0m
[100;100m M[0m[;42m  [0m[;42m  [0m[;42m  [0m[;42m  [0m[;42m  [0m[;42m  [0m[;42m  [0m[100;100m M[0m
[100;100m M[0m[;42m  [0m[;42m  [0m[;42m  [0m[;42m  [0m[;42m  [0m[;42m  [0m[;42m  [0m[100;100m M[0m
[100;100m M[0m[;42m  [0m[;42m  [0m[;42m  [0m[;42m  [0m[;42m  [0m[;42m  [0m[;42m  [0m[100;100m M[0m
[100;100m M[0m[;42m  [0m[;42m  [0m[;42m  [0m[46;42m T[0m[;42m  [0m[;42m  [0m[;42m  [0m[;42m  [0m
[100;100m M[0m[;42m  [0m[;42m  [0m[;42m  [0m[;42m  [0m[;42m  [0m[;42m  [0m[;42m  [0m[100;100m M[0m
[100;100m M[0m[;42m  [0m[;42m  [0m[;42m  [0m[;42m  [0m[;42m  [0m[;42m  [0m[;42m  [0m[100;100m M[0m
[100;100m M[0m[;42m  [0m[;42m  [0m[;42m  [0m[;42m  [0m[;42m  [0m[;42m  [0m[;42m  [0m[100;100m M[0m
[100;100m M[0m[100;100m M[0m[100;100m M[0m[100;100m M[0m[100;100m M[0m[100;100m M[0m[100;100m M[0m[100;100m M[0m[100;100m M[0m
Posit: (5, 4)
World: 0
World_map: [100;100m M[0m[100;100m M[0m[100;100m M[0m[100;100m M[0m[;42m  [0m[100;100m M[0m[100;100m M[0m[100;100m M[0m[100;100m M[0m
[100;100m M[0m[;42m  [0m[;42m  [0m[;42m  [0m[;42m  [0m[;42m  [0m[;42m  [0m[;42m  [0m[100;100m M[0m
[100;100m M[0m[;42m  [0m[;42m  [0m[;42m  [0m[;42m  [0m[;42m  [0m[;42m  [0m[;42m  [0m[100;100m M[0m
[100;100m M[0m[;42m  [0m[;42m  [0m[;42m  [0m[;42m  [0m[;42m  [0m[;42m  [0m[;42m  [0m[100;100m M[0m
[100;100m M[0m[;42m  [0m[;42m  [0m[;42m  [0m[;42m  [0m[;42m  [0m[;42m  [0m[;42m  [0m[;42m  [0m
[100;100m M[0m[;42m  [0m[;42m  [0m[;42m  [0m[46;42m T[0m[;42m  [0m[;42m  [0m[;42m  [0m[100;100m M[0m
[100;100m M[0m[;42m  [0m[;42m  [0m[;42m  [0m[;42m  [0m[;42m  [0m[;42m  [0m[;42m  [0m[100;100m M[0m
[100;100m M[0m[;42m  [0m[;42m  [0m[;42m  [0m[;42m  [0m[;42m  [0m[;42m  [0m[;42m  [0m[100;100m M[0m
[100;100m M[0m[100;100m M[0m[100;100m M[0m[100;100m M[0m[100;100m M[0m[100;100m M[0m[100;100m M[0m[100;100m M[0m[100;100m M[0m
Posit: (4, 4)
World: 0
World_map: [100;100m M[0m[100;100m M[0m[100;100m M[0m[100;100m M[0m[;42m  [0m[100;100m M[0m[100;100m M[0m[100;100m M[0m[100;100m M[0m
[100;100m M[0m[;42m  [0m[;42m  [0m[;42m  [0m[;42m  [0m[;42m  [0m[;42m  [0m[;42m  [0m[100;100m M[0m
[100;100m M[0m[;42m  [0m[;42m  [0m[;42m  [0m[;42m  [0m[;42m  [0m[;42m  [0m[;42m  [0m[100;100m M[0m
[100;100m M[0m[;42m  [0m[;42m  [0m[;42m  [0m[;42m  [0m[;42m  [0m[;42m  [0m[;42m  [0m[100;100m M[0m
[100;100m M[0m[;42m  [0m[;42m  [0m[;42m  [0m[46;42m T[0m[;42m  [0m[;42m  [0m[;42m  [0m[;42m  [0m
[100;100m M[0m[;42m  [0m[;42m  [0m[;42m  [0m[;42m  [0m[;42m  [0m[;42m  [0m[;42m  [0m[100;100m M[0m
[100;100m M[0m[;42m  [0m[;42m  [0m[;42m  [0m[;42m  [0m[;42m  [0m[;42m  [0m[;42m  [0m[100;100m M[0m
[100;100m M[0m[;42m  [0m[;42m  [0m[;42m  [0m[;42m  [0m[;42m  [0m[;42m  [0m[;42m  [0m[100;100m M[0m
[100;100m M[0m[100;100m M[0m[100;100m M[0m[100;100m M[0m[100;100m M[0m[100;100m M[0m[100;100m M[0m[100;100m M[0m[100;100m M[0m
Posit: (4, 5)
World: 0
World_map: [100;100m M[0m[100;100m M[0m[100;100m M[0m[100;100m M[0m[;42m  [0m[100;100m M[0m[100;100m M[0m[100;100m M[0m[100;100m M[0m
[100;100m M[0m[;42m  [0m[;42m  [0m[;42m  [0m[;42m  [0m[;42m  [0m[;42m  [0m[;42m  [0m[100;100m M[0m
[100;100m M[0m[;42m  [0m[;42m  [0m[;42m  [0m[;42m  [0m[;42m  [0m[;42m  [0m[;42m  [0m[100;100m M[0m
[100;100m M[0m[;42m  [0m[;42m  [0m[;42m  [0m[;42m  [0m[;42m  [0m[;42m  [0m[;42m  [0m[100;100m M[0m
[100;100m M[0m[;42m  [0m[;42m  [0m[;42m  [0m[;42m  [0m[46;42m T[0m[;42m  [0m[;42m  [0m[;42m  [0m
[100;100m M[0m[;42m  [0m[;42m  [0m[;42m  [0m[;42m  [0m[;42m  [0m[;42m  [0m[;42m  [0m[100;100m M[0m
[100;100m M[0m[;42m  [0m[;42m  [0m[;42m  [0m[;42m  [0m[;42m  [0m[;42m  [0m[;42m  [0m[100;100m M[0m
[100;100m M[0m[;42m  [0m[;42m  [0m[;42m  [0m[;42m  [0m[;42m  [0m[;42m  [0m[;42m  [0m[100;100m M[0m
[100;100m M[0m[100;100m M[0m[100;100m M[0m[100;100m M[0m[100;100m M[0m[100;100m M[0m[100;100m M[0m[100;100m M[0m[100;100m M[0m
Posit: (4, 6)
World: 0
World_map: [100;100m M[0m[100;100m M[0m[100;100m M[0m[100;100m M[0m[;42m  [0m[100;100m M[0m[100;100m M[0m[100;100m M[0m[100;100m M[0m
[100;100m M[0m[;42m  [0m[;42m  [0m[;42m  [0m[;42m  [0m[;42m  [0m[;42m  [0m[;42m  [0m[100;100m M[0m
[100;100m M[0m[;42m  [0m[;42m  [0m[;42m  [0m[;42m  [0m[;42m  [0m[;42m  [0m[;42m  [0m[100;100m M[0m
[100;100m M[0m[;42m  [0m[;42m  [0m[;42m  [0m[;42m  [0m[;42m  [0m[;42m  [0m[;42m  [0m[100;100m M[0m
[100;100m M[0m[;42m  [0m[;42m  [0m[;42m  [0m[;42m  [0m[;42m  [0m[46;42m T[0m[;42m  [0m[;42m  [0m
[100;100m M[0m[;42m  [0m[;42m  [0m[;42m  [0m[;42m  [0m[;42m  [0m[;42m  [0m[;42m  [0m[100;100m M[0m
[100;100m M[0m[;42m  [0m[;42m  [0m[;42m  [0m[;42m  [0m[;42m  [0m[;42m  [0m[;42m  [0m[100;100m M[0m
[100;100m M[0m[;42m  [0m[;42m  [0m[;42m  [0m[;42m  [0m[;42m  [0m[;42m  [0m[;42m  [0m[100;100m M[0m
[100;100m M[0m[100;100m M[0m[100;100m M[0m[100;100m M[0m[100;100m M[0m[100;100m M[0m[100;100m M[0m[100;100m M[0m[100;100m M[0m
Posit: (4, 7)
World: 0
World_map: [100;100m M[0m[100;100m M[0m[100;100m M[0m[100;100m M[0m[;42m  [0m[100;100m M[0m[100;100m M[0m[100;100m M[0m[100;100m M[0m
[100;100m M[0m[;42m  [0m[;42m  [0m[;42m  [0m[;42m  [0m[;42m  [0m[;42m  [0m[;42m  [0m[100;100m M[0m
[100;100m M[0m[;42m  [0m[;42m  [0m[;42m  [0m[;42m  [0m[;42m  [0m[;42m  [0m[;42m  [0m[100;100m M[0m
[100;100m M[0m[;42m  [0m[;42m  [0m[;42m  [0m[;42m  [0m[;42m  [0m[;42m  [0m[;42m  [0m[100;100m M[0m
[100;100m M[0m[;42m  [0m[;42m  [0m[;42m  [0m[;42m  [0m[;42m  [0m[;42m  [0m[46;42m T[0m[;42m  [0m
[100;100m M[0m[;42m  [0m[;42m  [0m[;42m  [0m[;42m  [0m[;42m  [0m[;42m  [0m[;42m  [0m[100;100m M[0m
[100;100m M[0m[;42m  [0m[;42m  [0m[;42m  [0m[;42m  [0m[;42m  [0m[;42m  [0m[;42m  [0m[100;100m M[0m
[100;100m M[0m[;42m  [0m[;42m  [0m[;42m  [0m[;42m  [0m[;42m  [0m[;42m  [0m[;42m  [0m[100;100m M[0m
[100;100m M[0m[100;100m M[0m[100;100m M[0m[100;100m M[0m[100;100m M[0m[100;100m M[0m[100;100m M[0m[100;100m M[0m[100;100m M[0m
Posit: (4, 8)
World: 0
World_map: [100;100m M[0m[100;100m M[0m[100;100m M[0m[100;100m M[0m[;42m  [0m[100;100m M[0m[100;100m M[0m[100;100m M[0m[100;100m M[0m
[100;100m M[0m[;42m  [0m[;42m  [0m[;42m  [0m[;42m  [0m[;42m  [0m[;42m  [0m[;42m  [0m[100;100m M[0m
[100;100m M[0m[;42m  [0m[;42m  [0m[;42m  [0m[;42m  [0m[;42m  [0m[;42m  [0m[;42m  [0m[100;100m M[0m
[100;100m M[0m[;42m  [0m[;42m  [0m[;42m  [0m[;42m  [0m[;42m  [0m[;42m  [0m[;42m  [0m[100;100m M[0m
[100;100m M[0m[;42m  [0m[;42m  [0m[;42m  [0m[;42m  [0m[;42m  [0m[;42m  [0m[;42m  [0m[46;42m T[0m
[100;100m M[0m[;42m  [0m[;42m  [0m[;42m  [0m[;42m  [0m[;42m  [0m[;42m  [0m[;42m  [0m[100;100m M[0m
[100;100m M[0m[;42m  [0m[;42m  [0m[;42m  [0m[;42m  [0m[;42m  [0m[;42m  [0m[;42m  [0m[100;100m M[0m
[100;100m M[0m[;42m  [0m[;42m  [0m[;42m  [0m[;42m  [0m[;42m  [0m[;42m  [0m[;42m  [0m[100;100m M[0m
[100;100m M[0m[100;100m M[0m[100;100m M[0m[100;100m M[0m[100;100m M[0m[100;100m M[0m[100;100m M[0m[100;100m M[0m[100;100m M[0m
Posit: (4, 0)
World: 1
World_map: [100;100m M[0m[100;100m M[0m[100;100m M[0m[100;100m M[0m[;42m  [0m[100;100m M[0m[100;100m M[0m[100;100m M[0m[100;100m M[0m
[100;100m M[0m[;42m  [0m[;42m  [0m[;42m  [0m[;42m  [0m[;42m  [0m[;42m  [0m[;42m  [0m[100;100m M[0m
[100;100m M[0m[;42m  [0m[;42m  [0m[;42m  [0m[;42m  [0m[;42m  [0m[;42m  [0m[;42m  [0m[100;100m M[0m
[100;100m M[0m[;42m  [0m[;42m  [0m[;42m  [0m[;42m  [0m[;42m  [0m[;42m  [0m[;42m  [0m[100;100m M[0m
[100;100m M[0m[;42m  [0m[;42m  [0m[;42m  [0m[;42m  [0m[;42m  [0m[;42m  [0m[;42m  [0m[;42m  [0m
[100;100m M[0m[;42m  [0m[;42m  [0m[;42m  [0m[;42m  [0m[;42m  [0m[;42m  [0m[;42m  [0m[100;100m M[0m
[100;100m M[0m[;42m  [0m[;42m  [0m[;42m  [0m[;42m  [0m[;42m  [0m[;42m  [0m[;42m  [0m[100;100m M[0m
[100;100m M[0m[;42m  [0m[;42m  [0m[;42m  [0m[;42m  [0m[;42m  [0m[;42m  [0m[;42m  [0m[100;100m M[0m
[100;100m M[0m[100;100m M[0m[100;100m M[0m[100;100m M[0m[100;100m M[0m[100;100m M[0m[100;100m M[0m[100;100m M[0m[100;100m M[0m
Posit: (4, 0)
World: 1
World_map: [100;100m M[0m[100;100m M[0m[100;100m M[0m[100;100m M[0m[;42m  [0m[100;100m M[0m[100;100m M[0m[100;100m M[0m[100;100m M[0m
[100;100m M[0m[;42m  [0m[;42m  [0m[;42m  [0m[;42m  [0m[;42m  [0m[;42m  [0m[;42m  [0m[100;100m M[0m
[100;100m M[0m[;42m  [0m[;42m  [0m[;42m  [0m[;42m  [0m[;42m  [0m[;42m  [0m[;42m  [0m[100;100m M[0m
[100;100m M[0m[;42m  [0m[;42m  [0m[;42m  [0m[;42m  [0m[;42m  [0m[;42m  [0m[;42m  [0m[100;100m M[0m
[100;100m M[0m[;42m  [0m[;42m  [0m[;42m  [0m[;42m  [0m[;42m  [0m[;42m  [0m[;42m  [0m[;42m  [0m
[100;100m M[0m[;42m  [0m[;42m  [0m[;42m  [0m[;42m  [0m[;42m  [0m[;42m  [0m[;42m  [0m[100;100m M[0m
[100;100m M[0m[;42m  [0m[;42m  [0m[;42m  [0m[;42m  [0m[;42m  [0m[;42m  [0m[;42m  [0m[100;100m M[0m
[100;100m M[0m[;42m  [0m[;42m  [0m[;42m  [0m[;42m  [0m[;42m  [0m[;42m  [0m[;42m  [0m[100;100m M[0m
[100;100m M[0m[100;100m M[0m[100;100m M[0m[100;100m M[0m[100;100m M[0m[100;100m M[0m[100;100m M[0m[100;100m M[0m[100;100m M[0m
